<?xml version="1.0" encoding="UTF-8"?>
<!-- Generated by org.testng.reporters.JUnitReportReporter -->
<testsuite hostname="DESKTOP-PM9PVHF" failures="0" tests="3" name="com.google.main.PracticeProgram" time="0.019" errors="0" timestamp="2024-10-20T11:55:07 IST" skipped="0">
  <testcase classname="com.google.main.PracticeProgram" name="def" time="0.003"/>
  <testcase classname="com.google.main.PracticeProgram" name="xyz" time="0.003"/>
  <testcase classname="com.google.main.PracticeProgram" name="abc" time="0.013"/>
</testsuite> <!-- com.google.main.PracticeProgram -->
