<?xml version="1.0" encoding="UTF-8"?>
<!-- Generated by org.testng.reporters.JUnitReportReporter -->
<testsuite hostname="DESKTOP-PM9PVHF" failures="0" tests="1" name="com.google.main.Practice" time="10.234" errors="0" timestamp="2024-10-20T11:52:29 IST" skipped="0">
  <testcase classname="com.google.main.Practice" name="sample3" time="10.234"/>
</testsuite> <!-- com.google.main.Practice -->
