<?xml version="1.0" encoding="UTF-8"?>
<!-- Generated by org.testng.reporters.JUnitReportReporter -->
<testsuite hostname="DESKTOP-PM9PVHF" failures="0" tests="1" name="com.google.main.Practice" time="10.736" errors="0" timestamp="2024-11-05T14:40:45 IST" skipped="0">
  <testcase classname="com.google.main.Practice" name="sample2" time="10.736"/>
</testsuite> <!-- com.google.main.Practice -->
