<?xml version="1.0" encoding="UTF-8"?>
<!-- Generated by org.testng.reporters.JUnitReportReporter -->
<testsuite hostname="DESKTOP-PM9PVHF" failures="0" tests="2" name="com.google.main.PracticeProgram" time="0.020" errors="0" timestamp="2024-11-27T11:32:48 IST" skipped="0">
  <testcase classname="com.google.main.PracticeProgram" name="def" time="0.002"/>
  <testcase classname="com.google.main.PracticeProgram" name="abc" time="0.018"/>
</testsuite> <!-- com.google.main.PracticeProgram -->
